c:\hlocal\pr1_ig_ii\freeglut project 3d\debug\vc120.pdb
c:\hlocal\pr1_ig_ii\freeglut project 3d\debug\vc120.idb
c:\hlocal\pr1_ig_ii\freeglut project 3d\debug\arbol.obj
c:\hlocal\pr1_ig_ii\freeglut project 3d\debug\cara.obj
c:\hlocal\pr1_ig_ii\freeglut project 3d\debug\cilindro.obj
c:\hlocal\pr1_ig_ii\freeglut project 3d\debug\coche.obj
c:\hlocal\pr1_ig_ii\freeglut project 3d\debug\copadoble.obj
c:\hlocal\pr1_ig_ii\freeglut project 3d\debug\copasimple.obj
c:\hlocal\pr1_ig_ii\freeglut project 3d\debug\cubo.obj
c:\hlocal\pr1_ig_ii\freeglut project 3d\debug\disco.obj
c:\hlocal\pr1_ig_ii\freeglut project 3d\debug\discoparcial.obj
c:\hlocal\pr1_ig_ii\freeglut project 3d\debug\escena.obj
c:\hlocal\pr1_ig_ii\freeglut project 3d\debug\esfera.obj
c:\hlocal\pr1_ig_ii\freeglut project 3d\debug\main.obj
c:\hlocal\pr1_ig_ii\freeglut project 3d\debug\malla.obj
c:\hlocal\pr1_ig_ii\freeglut project 3d\debug\objetocompuesto.obj
c:\hlocal\pr1_ig_ii\freeglut project 3d\debug\puntovector3d.obj
c:\hlocal\pr1_ig_ii\freeglut project 3d\debug\rueda.obj
c:\hlocal\pr1_ig_ii\freeglut project 3d\debug\tafin.obj
c:\hlocal\pr1_ig_ii\freeglut project 3d\debug\verticenormal.obj
c:\hlocal\pr1_ig_ii\debug\freeglut project 3d.ilk
c:\hlocal\pr1_ig_ii\debug\freeglut project 3d.exe
c:\hlocal\pr1_ig_ii\debug\freeglut project 3d.pdb
c:\hlocal\pr1_ig_ii\freeglut project 3d\debug\freeglut.7b0bffd4.tlog\cl.command.1.tlog
c:\hlocal\pr1_ig_ii\freeglut project 3d\debug\freeglut.7b0bffd4.tlog\cl.read.1.tlog
c:\hlocal\pr1_ig_ii\freeglut project 3d\debug\freeglut.7b0bffd4.tlog\cl.write.1.tlog
c:\hlocal\pr1_ig_ii\freeglut project 3d\debug\freeglut.7b0bffd4.tlog\link.command.1.tlog
c:\hlocal\pr1_ig_ii\freeglut project 3d\debug\freeglut.7b0bffd4.tlog\link.read.1.tlog
c:\hlocal\pr1_ig_ii\freeglut project 3d\debug\freeglut.7b0bffd4.tlog\link.write.1.tlog
